# JRE version: OpenJDK Runtime Environment Temurin-21.0.10+7 (21.0.10+7) (build 21.0.10+7-LTS)
# Java VM: OpenJDK 64-Bit Server VM Temurin-21.0.10+7 (21.0.10+7-LTS, mixed mode, sharing, tiered, compressed oops, compressed class ptrs, parallel gc, windows-amd64)
GC Precious Log:
 CardTable entry size: 512
 CPUs: 12 total, 12 available
 Memory: 15998M
 Large Page Support: Disabled
 NUMA Support: Disabled
 Compressed Oops: Enabled (32-bit)
 Alignments: Space 512K, Generation 512K, Heap 2M
 Heap Min Capacity: 100M
 Heap Initial Capacity: 100M
 Heap Max Capacity: 2G
 Pre-touch: Disabled
 Parallel Workers: 10
Heap:
 PSYoungGen      total 3072K, used 1244K [0x00000000d5580000, 0x00000000d5c80000, 0x0000000100000000)
  eden space 2560K, 37% used [0x00000000d5580000,0x00000000d5673200,0x00000000d5800000)
  from space 512K, 53% used [0x00000000d5c00000,0x00000000d5c44030,0x00000000d5c80000)
  to   space 512K, 0% used [0x00000000d5b80000,0x00000000d5b80000,0x00000000d5c00000)
 ParOldGen       total 840704K, used 840399K [0x0000000080000000, 0x00000000b3500000, 0x00000000d5580000)
  object space 840704K, 99% used [0x0000000080000000,0x00000000b34b3f78,0x00000000b3500000)
 Metaspace       used 89668K, committed 91456K, reserved 1179648K
  class space    used 9335K, committed 10176K, reserved 1048576K
GC Heap History (20 events):
Event: 858.905 GC heap before
{Heap before GC invocations=1601 (full 4):
 PSYoungGen      total 6144K, used 5726K [0x00000000d5580000, 0x00000000d6080000, 0x0000000100000000)
  eden space 5120K, 99% used [0x00000000d5580000,0x00000000d5a779c0,0x00000000d5a80000)
  from space 1024K, 62% used [0x00000000d5f80000,0x00000000d6020000,0x00000000d6080000)
  to   space 2048K, 0% used [0x00000000d5c80000,0x00000000d5c80000,0x00000000d5e80000)
 ParOldGen       total 828416K, used 828124K [0x0000000080000000, 0x00000000b2900000, 0x00000000d5580000)
  object space 828416K, 99% used [0x0000000080000000,0x00000000b28b7200,0x00000000b2900000)
 Metaspace       used 89618K, committed 91456K, reserved 1179648K
  class space    used 9335K, committed 10176K, reserved 1048576K
}
Event: 858.911 GC heap after
{Heap after GC invocations=1601 (full 4):
 PSYoungGen      total 7168K, used 692K [0x00000000d5580000, 0x00000000d6000000, 0x0000000100000000)
  eden space 5120K, 0% used [0x00000000d5580000,0x00000000d5580000,0x00000000d5a80000)
  from space 2048K, 33% used [0x00000000d5c80000,0x00000000d5d2d348,0x00000000d5e80000)
  to   space 1024K, 0% used [0x00000000d5f00000,0x00000000d5f00000,0x00000000d6000000)
 ParOldGen       total 828928K, used 828736K [0x0000000080000000, 0x00000000b2980000, 0x00000000d5580000)
  object space 828928K, 99% used [0x0000000080000000,0x00000000b29501f8,0x00000000b2980000)
 Metaspace       used 89618K, committed 91456K, reserved 1179648K
  class space    used 9335K, committed 10176K, reserved 1048576K
}
Event: 858.947 GC heap before
{Heap before GC invocations=1602 (full 4):
 PSYoungGen      total 7168K, used 5812K [0x00000000d5580000, 0x00000000d6000000, 0x0000000100000000)
  eden space 5120K, 100% used [0x00000000d5580000,0x00000000d5a80000,0x00000000d5a80000)
  from space 2048K, 33% used [0x00000000d5c80000,0x00000000d5d2d348,0x00000000d5e80000)
  to   space 1024K, 0% used [0x00000000d5f00000,0x00000000d5f00000,0x00000000d6000000)
 ParOldGen       total 828928K, used 828736K [0x0000000080000000, 0x00000000b2980000, 0x00000000d5580000)
  object space 828928K, 99% used [0x0000000080000000,0x00000000b29501f8,0x00000000b2980000)
 Metaspace       used 89618K, committed 91456K, reserved 1179648K
  class space    used 9335K, committed 10176K, reserved 1048576K
}
Event: 858.958 GC heap after
{Heap after GC invocations=1602 (full 4):
 PSYoungGen      total 3584K, used 1001K [0x00000000d5580000, 0x00000000d6880000, 0x0000000100000000)
  eden space 2560K, 0% used [0x00000000d5580000,0x00000000d5580000,0x00000000d5800000)
  from space 1024K, 97% used [0x00000000d5f00000,0x00000000d5ffa748,0x00000000d6000000)
  to   space 7168K, 0% used [0x00000000d5800000,0x00000000d5800000,0x00000000d5f00000)
 ParOldGen       total 833536K, used 833522K [0x0000000080000000, 0x00000000b2e00000, 0x00000000d5580000)
  object space 833536K, 99% used [0x0000000080000000,0x00000000b2dfc898,0x00000000b2e00000)
 Metaspace       used 89618K, committed 91456K, reserved 1179648K
  class space    used 9335K, committed 10176K, reserved 1048576K
}
Event: 858.993 GC heap before
{Heap before GC invocations=1603 (full 4):
 PSYoungGen      total 3584K, used 3561K [0x00000000d5580000, 0x00000000d6880000, 0x0000000100000000)
  eden space 2560K, 100% used [0x00000000d5580000,0x00000000d5800000,0x00000000d5800000)
  from space 1024K, 97% used [0x00000000d5f00000,0x00000000d5ffa748,0x00000000d6000000)
  to   space 7168K, 0% used [0x00000000d5800000,0x00000000d5800000,0x00000000d5f00000)
 ParOldGen       total 833536K, used 833522K [0x0000000080000000, 0x00000000b2e00000, 0x00000000d5580000)
  object space 833536K, 99% used [0x0000000080000000,0x00000000b2dfc898,0x00000000b2e00000)
 Metaspace       used 89618K, committed 91456K, reserved 1179648K
  class space    used 9335K, committed 10176K, reserved 1048576K
}
Event: 859.001 GC heap after
{Heap after GC invocations=1603 (full 4):
 PSYoungGen      total 4608K, used 1712K [0x00000000d5580000, 0x00000000d5f80000, 0x0000000100000000)
  eden space 2560K, 0% used [0x00000000d5580000,0x00000000d5580000,0x00000000d5800000)
  from space 2048K, 83% used [0x00000000d5800000,0x00000000d59ac010,0x00000000d5a00000)
  to   space 3584K, 0% used [0x00000000d5c00000,0x00000000d5c00000,0x00000000d5f80000)
 ParOldGen       total 834560K, used 834510K [0x0000000080000000, 0x00000000b2f00000, 0x00000000d5580000)
  object space 834560K, 99% used [0x0000000080000000,0x00000000b2ef3be0,0x00000000b2f00000)
 Metaspace       used 89618K, committed 91456K, reserved 1179648K
  class space    used 9335K, committed 10176K, reserved 1048576K
}
Event: 859.105 GC heap before
{Heap before GC invocations=1604 (full 4):
 PSYoungGen      total 4608K, used 4272K [0x00000000d5580000, 0x00000000d5f80000, 0x0000000100000000)
  eden space 2560K, 100% used [0x00000000d5580000,0x00000000d5800000,0x00000000d5800000)
  from space 2048K, 83% used [0x00000000d5800000,0x00000000d59ac010,0x00000000d5a00000)
  to   space 3584K, 0% used [0x00000000d5c00000,0x00000000d5c00000,0x00000000d5f80000)
 ParOldGen       total 834560K, used 834510K [0x0000000080000000, 0x00000000b2f00000, 0x00000000d5580000)
  object space 834560K, 99% used [0x0000000080000000,0x00000000b2ef3be0,0x00000000b2f00000)
 Metaspace       used 89627K, committed 91456K, reserved 1179648K
  class space    used 9335K, committed 10176K, reserved 1048576K
}
Event: 859.109 GC heap after
{Heap after GC invocations=1604 (full 4):
 PSYoungGen      total 4608K, used 1824K [0x00000000d5580000, 0x00000000d5e00000, 0x0000000100000000)
  eden space 2560K, 0% used [0x00000000d5580000,0x00000000d5580000,0x00000000d5800000)
  from space 2048K, 89% used [0x00000000d5c00000,0x00000000d5dc8270,0x00000000d5e00000)
  to   space 2048K, 0% used [0x00000000d5800000,0x00000000d5800000,0x00000000d5a00000)
 ParOldGen       total 836096K, used 835958K [0x0000000080000000, 0x00000000b3080000, 0x00000000d5580000)
  object space 836096K, 99% used [0x0000000080000000,0x00000000b305dbe0,0x00000000b3080000)
 Metaspace       used 89627K, committed 91456K, reserved 1179648K
  class space    used 9335K, committed 10176K, reserved 1048576K
}
Event: 859.120 GC heap before
{Heap before GC invocations=1605 (full 4):
 PSYoungGen      total 4608K, used 4315K [0x00000000d5580000, 0x00000000d5e00000, 0x0000000100000000)
  eden space 2560K, 97% used [0x00000000d5580000,0x00000000d57eea58,0x00000000d5800000)
  from space 2048K, 89% used [0x00000000d5c00000,0x00000000d5dc8270,0x00000000d5e00000)
  to   space 2048K, 0% used [0x00000000d5800000,0x00000000d5800000,0x00000000d5a00000)
 ParOldGen       total 836096K, used 835958K [0x0000000080000000, 0x00000000b3080000, 0x00000000d5580000)
  object space 836096K, 99% used [0x0000000080000000,0x00000000b305dbe0,0x00000000b3080000)
 Metaspace       used 89627K, committed 91456K, reserved 1179648K
  class space    used 9335K, committed 10176K, reserved 1048576K
}
Event: 859.124 GC heap after
{Heap after GC invocations=1605 (full 4):
 PSYoungGen      total 4608K, used 2032K [0x00000000d5580000, 0x00000000d6100000, 0x0000000100000000)
  eden space 2560K, 0% used [0x00000000d5580000,0x00000000d5580000,0x00000000d5800000)
  from space 2048K, 99% used [0x00000000d5800000,0x00000000d59fc000,0x00000000d5a00000)
  to   space 4608K, 0% used [0x00000000d5c80000,0x00000000d5c80000,0x00000000d6100000)
 ParOldGen       total 838144K, used 837943K [0x0000000080000000, 0x00000000b3280000, 0x00000000d5580000)
  object space 838144K, 99% used [0x0000000080000000,0x00000000b324df78,0x00000000b3280000)
 Metaspace       used 89627K, committed 91456K, reserved 1179648K
  class space    used 9335K, committed 10176K, reserved 1048576K
}
Event: 859.284 GC heap before
{Heap before GC invocations=1606 (full 4):
 PSYoungGen      total 4608K, used 4592K [0x00000000d5580000, 0x00000000d6100000, 0x0000000100000000)
  eden space 2560K, 100% used [0x00000000d5580000,0x00000000d5800000,0x00000000d5800000)
  from space 2048K, 99% used [0x00000000d5800000,0x00000000d59fc000,0x00000000d5a00000)
  to   space 4608K, 0% used [0x00000000d5c80000,0x00000000d5c80000,0x00000000d6100000)
 ParOldGen       total 838144K, used 837943K [0x0000000080000000, 0x00000000b3280000, 0x00000000d5580000)
  object space 838144K, 99% used [0x0000000080000000,0x00000000b324df78,0x00000000b3280000)
 Metaspace       used 89634K, committed 91456K, reserved 1179648K
  class space    used 9335K, committed 10176K, reserved 1048576K
}
Event: 859.290 GC heap after
{Heap after GC invocations=1606 (full 4):
 PSYoungGen      total 3584K, used 584K [0x00000000d5580000, 0x00000000d5d80000, 0x0000000100000000)
  eden space 2560K, 0% used [0x00000000d5580000,0x00000000d5580000,0x00000000d5800000)
  from space 1024K, 57% used [0x00000000d5c80000,0x00000000d5d12000,0x00000000d5d80000)
  to   space 2048K, 0% used [0x00000000d5980000,0x00000000d5980000,0x00000000d5b80000)
 ParOldGen       total 840192K, used 839847K [0x0000000080000000, 0x00000000b3480000, 0x00000000d5580000)
  object space 840192K, 99% used [0x0000000080000000,0x00000000b3429f78,0x00000000b3480000)
 Metaspace       used 89634K, committed 91456K, reserved 1179648K
  class space    used 9335K, committed 10176K, reserved 1048576K
}
Event: 859.301 GC heap before
{Heap before GC invocations=1607 (full 4):
 PSYoungGen      total 3584K, used 3144K [0x00000000d5580000, 0x00000000d5d80000, 0x0000000100000000)
  eden space 2560K, 100% used [0x00000000d5580000,0x00000000d5800000,0x00000000d5800000)
  from space 1024K, 57% used [0x00000000d5c80000,0x00000000d5d12000,0x00000000d5d80000)
  to   space 2048K, 0% used [0x00000000d5980000,0x00000000d5980000,0x00000000d5b80000)
 ParOldGen       total 840192K, used 839847K [0x0000000080000000, 0x00000000b3480000, 0x00000000d5580000)
  object space 840192K, 99% used [0x0000000080000000,0x00000000b3429f78,0x00000000b3480000)
 Metaspace       used 89634K, committed 91456K, reserved 1179648K
  class space    used 9335K, committed 10176K, reserved 1048576K
}
Event: 859.304 GC heap after
{Heap after GC invocations=1607 (full 4):
 PSYoungGen      total 4608K, used 432K [0x00000000d5580000, 0x00000000d5d00000, 0x0000000100000000)
  eden space 2560K, 0% used [0x00000000d5580000,0x00000000d5580000,0x00000000d5800000)
  from space 2048K, 21% used [0x00000000d5980000,0x00000000d59ec010,0x00000000d5b80000)
  to   space 1024K, 0% used [0x00000000d5c00000,0x00000000d5c00000,0x00000000d5d00000)
 ParOldGen       total 840704K, used 840303K [0x0000000080000000, 0x00000000b3500000, 0x00000000d5580000)
  object space 840704K, 99% used [0x0000000080000000,0x00000000b349bf78,0x00000000b3500000)
 Metaspace       used 89634K, committed 91456K, reserved 1179648K
  class space    used 9335K, committed 10176K, reserved 1048576K
}
Event: 859.528 GC heap before
{Heap before GC invocations=1608 (full 4):
 PSYoungGen      total 4608K, used 2992K [0x00000000d5580000, 0x00000000d5d00000, 0x0000000100000000)
  eden space 2560K, 99% used [0x00000000d5580000,0x00000000d57ffff0,0x00000000d5800000)
  from space 2048K, 21% used [0x00000000d5980000,0x00000000d59ec010,0x00000000d5b80000)
  to   space 1024K, 0% used [0x00000000d5c00000,0x00000000d5c00000,0x00000000d5d00000)
 ParOldGen       total 840704K, used 840303K [0x0000000080000000, 0x00000000b3500000, 0x00000000d5580000)
  object space 840704K, 99% used [0x0000000080000000,0x00000000b349bf78,0x00000000b3500000)
 Metaspace       used 89634K, committed 91456K, reserved 1179648K
  class space    used 9335K, committed 10176K, reserved 1048576K
}
Event: 859.532 GC heap after
{Heap after GC invocations=1608 (full 4):
 PSYoungGen      total 3072K, used 192K [0x00000000d5580000, 0x00000000d5c80000, 0x0000000100000000)
  eden space 2560K, 0% used [0x00000000d5580000,0x00000000d5580000,0x00000000d5800000)
  from space 512K, 37% used [0x00000000d5c00000,0x00000000d5c30000,0x00000000d5c80000)
  to   space 512K, 0% used [0x00000000d5b80000,0x00000000d5b80000,0x00000000d5c00000)
 ParOldGen       total 840704K, used 840351K [0x0000000080000000, 0x00000000b3500000, 0x00000000d5580000)
  object space 840704K, 99% used [0x0000000080000000,0x00000000b34a7f78,0x00000000b3500000)
 Metaspace       used 89634K, committed 91456K, reserved 1179648K
  class space    used 9335K, committed 10176K, reserved 1048576K
}
Event: 860.470 GC heap before
{Heap before GC invocations=1609 (full 4):
 PSYoungGen      total 3072K, used 2752K [0x00000000d5580000, 0x00000000d5c80000, 0x0000000100000000)
  eden space 2560K, 100% used [0x00000000d5580000,0x00000000d5800000,0x00000000d5800000)
  from space 512K, 37% used [0x00000000d5c00000,0x00000000d5c30000,0x00000000d5c80000)
  to   space 512K, 0% used [0x00000000d5b80000,0x00000000d5b80000,0x00000000d5c00000)
 ParOldGen       total 840704K, used 840351K [0x0000000080000000, 0x00000000b3500000, 0x00000000d5580000)
  object space 840704K, 99% used [0x0000000080000000,0x00000000b34a7f78,0x00000000b3500000)
 Metaspace       used 89634K, committed 91456K, reserved 1179648K
  class space    used 9335K, committed 10176K, reserved 1048576K
}
Event: 860.484 GC heap after
{Heap after GC invocations=1609 (full 4):
 PSYoungGen      total 3072K, used 320K [0x00000000d5580000, 0x00000000d5c80000, 0x0000000100000000)
  eden space 2560K, 0% used [0x00000000d5580000,0x00000000d5580000,0x00000000d5800000)
  from space 512K, 62% used [0x00000000d5b80000,0x00000000d5bd0000,0x00000000d5c00000)
  to   space 512K, 0% used [0x00000000d5c00000,0x00000000d5c00000,0x00000000d5c80000)
 ParOldGen       total 840704K, used 840367K [0x0000000080000000, 0x00000000b3500000, 0x00000000d5580000)
  object space 840704K, 99% used [0x0000000080000000,0x00000000b34abf78,0x00000000b3500000)
 Metaspace       used 89634K, committed 91456K, reserved 1179648K
  class space    used 9335K, committed 10176K, reserved 1048576K
}
Event: 863.272 GC heap before
{Heap before GC invocations=1610 (full 4):
 PSYoungGen      total 3072K, used 2880K [0x00000000d5580000, 0x00000000d5c80000, 0x0000000100000000)
  eden space 2560K, 100% used [0x00000000d5580000,0x00000000d5800000,0x00000000d5800000)
  from space 512K, 62% used [0x00000000d5b80000,0x00000000d5bd0000,0x00000000d5c00000)
  to   space 512K, 0% used [0x00000000d5c00000,0x00000000d5c00000,0x00000000d5c80000)
 ParOldGen       total 840704K, used 840367K [0x0000000080000000, 0x00000000b3500000, 0x00000000d5580000)
  object space 840704K, 99% used [0x0000000080000000,0x00000000b34abf78,0x00000000b3500000)
 Metaspace       used 89661K, committed 91456K, reserved 1179648K
  class space    used 9335K, committed 10176K, reserved 1048576K
}
Event: 863.275 GC heap after
{Heap after GC invocations=1610 (full 4):
 PSYoungGen      total 3072K, used 272K [0x00000000d5580000, 0x00000000d5c80000, 0x0000000100000000)
  eden space 2560K, 0% used [0x00000000d5580000,0x00000000d5580000,0x00000000d5800000)
  from space 512K, 53% used [0x00000000d5c00000,0x00000000d5c44030,0x00000000d5c80000)
  to   space 512K, 0% used [0x00000000d5b80000,0x00000000d5b80000,0x00000000d5c00000)
 ParOldGen       total 840704K, used 840399K [0x0000000080000000, 0x00000000b3500000, 0x00000000d5580000)
  object space 840704K, 99% used [0x0000000080000000,0x00000000b34b3f78,0x00000000b3500000)
 Metaspace       used 89661K, committed 91456K, reserved 1179648K
  class space    used 9335K, committed 10176K, reserved 1048576K
}

